[vsphere]
80.5.29.2

[vsphere:vars]
ansible_python_interpreter=/usr/bin/python3
ansible_connetcion=ssh
ansible_user=root
ansible_ssh_private_key_file=~/.ssh/id_rsa

[eveng]
80.5.29.3

[eveng:vars]
ansible_python_interpreter=/usr/bin/python3
ansible_connetcion=ssh
ansible_user=root
ansible_ssh_private_key_file=~/.ssh/id_rsa

[ubuntu]
80.5.29.3

[ubuntu164]
80.5.29.3

[centos7]
centos7_DNS ansible_host=103.82.118.5 ansible_user=billy ansible_port=22

[centos7:vars]
ansible_become_pass=!!GGkswodls61
